Build started 9/11/2022 11:30:51 PM.
     1>Project "C:\Users\Khaled Morad\Desktop\Third Year\الفصل الاول\بيانيات حاسوبية\مشروع\عملي بيانيات\الوظايف\SpaceShips\Project1\Project1\Project1.vcxproj" on node 2 (Build target(s)).
     1>ClCompile:
         C:\Program Files (x86)\Microsoft Visual Studio 11.0\VC\bin\CL.exe /c /ZI /nologo /W3 /WX- /Od /Oy- /D _CRT_SECURE_NO_WARNINGS /D _MBCS /Gm /EHsc /RTC1 /MDd /GS /fp:precise /Zc:wchar_t /Zc:forScope /Fo"Debug\\" /Fd"Debug\vc110.pdb" /Gd /TP /analyze- /errorReport:prompt Source.cpp texture.cpp
         texture.cpp
         Source.cpp
     1>c:\users\khaled morad\desktop\third year\الفصل الاول\بيانيات حاسوبية\مشروع\عملي بيانيات\الوظايف\spaceships\project1\project1\enemie.h(23): warning C4305: 'argument' : truncation from 'double' to 'GLfloat'
     1>c:\users\khaled morad\desktop\third year\الفصل الاول\بيانيات حاسوبية\مشروع\عملي بيانيات\الوظايف\spaceships\project1\project1\alpha.h(2): warning C4067: unexpected tokens following preprocessor directive - expected a newline
     1>c:\users\khaled morad\desktop\third year\الفصل الاول\بيانيات حاسوبية\مشروع\عملي بيانيات\الوظايف\spaceships\project1\project1\alpha.h(25): warning C4305: 'argument' : truncation from 'double' to 'GLfloat'
     1>c:\users\khaled morad\desktop\third year\الفصل الاول\بيانيات حاسوبية\مشروع\عملي بيانيات\الوظايف\spaceships\project1\project1\beta.h(2): warning C4067: unexpected tokens following preprocessor directive - expected a newline
     1>c:\users\khaled morad\desktop\third year\الفصل الاول\بيانيات حاسوبية\مشروع\عملي بيانيات\الوظايف\spaceships\project1\project1\beta.h(23): warning C4305: 'argument' : truncation from 'double' to 'GLfloat'
     1>c:\users\khaled morad\desktop\third year\الفصل الاول\بيانيات حاسوبية\مشروع\عملي بيانيات\الوظايف\spaceships\project1\project1\gamma.h(2): warning C4067: unexpected tokens following preprocessor directive - expected a newline
     1>c:\users\khaled morad\desktop\third year\الفصل الاول\بيانيات حاسوبية\مشروع\عملي بيانيات\الوظايف\spaceships\project1\project1\gamma.h(22): warning C4305: 'argument' : truncation from 'double' to 'GLfloat'
     1>c:\users\khaled morad\desktop\third year\الفصل الاول\بيانيات حاسوبية\مشروع\عملي بيانيات\الوظايف\spaceships\project1\project1\fire.h(25): warning C4305: 'argument' : truncation from 'double' to 'GLfloat'
     1>c:\users\khaled morad\desktop\third year\الفصل الاول\بيانيات حاسوبية\مشروع\عملي بيانيات\الوظايف\spaceships\project1\project1\source.cpp(27): warning C4005: '_CRT_SECURE_NO_WARNINGS' : macro redefinition
                 command-line arguments :  see previous definition of '_CRT_SECURE_NO_WARNINGS'
     1>c:\users\khaled morad\desktop\third year\الفصل الاول\بيانيات حاسوبية\مشروع\عملي بيانيات\الوظايف\spaceships\project1\project1\source.cpp(71): warning C4018: '<' : signed/unsigned mismatch
     1>c:\users\khaled morad\desktop\third year\الفصل الاول\بيانيات حاسوبية\مشروع\عملي بيانيات\الوظايف\spaceships\project1\project1\source.cpp(73): warning C4018: '<' : signed/unsigned mismatch
     1>c:\users\khaled morad\desktop\third year\الفصل الاول\بيانيات حاسوبية\مشروع\عملي بيانيات\الوظايف\spaceships\project1\project1\source.cpp(82): warning C4018: '<' : signed/unsigned mismatch
     1>c:\users\khaled morad\desktop\third year\الفصل الاول\بيانيات حاسوبية\مشروع\عملي بيانيات\الوظايف\spaceships\project1\project1\source.cpp(85): warning C4018: '<' : signed/unsigned mismatch
     1>c:\users\khaled morad\desktop\third year\الفصل الاول\بيانيات حاسوبية\مشروع\عملي بيانيات\الوظايف\spaceships\project1\project1\source.cpp(106): warning C4018: '<' : signed/unsigned mismatch
     1>c:\users\khaled morad\desktop\third year\الفصل الاول\بيانيات حاسوبية\مشروع\عملي بيانيات\الوظايف\spaceships\project1\project1\source.cpp(109): warning C4018: '<' : signed/unsigned mismatch
     1>c:\users\khaled morad\desktop\third year\الفصل الاول\بيانيات حاسوبية\مشروع\عملي بيانيات\الوظايف\spaceships\project1\project1\source.cpp(135): warning C4018: '<' : signed/unsigned mismatch
     1>c:\users\khaled morad\desktop\third year\الفصل الاول\بيانيات حاسوبية\مشروع\عملي بيانيات\الوظايف\spaceships\project1\project1\source.cpp(140): warning C4018: '<' : signed/unsigned mismatch
     1>c:\users\khaled morad\desktop\third year\الفصل الاول\بيانيات حاسوبية\مشروع\عملي بيانيات\الوظايف\spaceships\project1\project1\source.cpp(145): warning C4018: '<' : signed/unsigned mismatch
     1>c:\users\khaled morad\desktop\third year\الفصل الاول\بيانيات حاسوبية\مشروع\عملي بيانيات\الوظايف\spaceships\project1\project1\source.cpp(134): warning C4101: 'j' : unreferenced local variable
     1>c:\users\khaled morad\desktop\third year\الفصل الاول\بيانيات حاسوبية\مشروع\عملي بيانيات\الوظايف\spaceships\project1\project1\source.cpp(163): warning C4244: 'argument' : conversion from 'double' to 'GLfloat', possible loss of data
     1>c:\users\khaled morad\desktop\third year\الفصل الاول\بيانيات حاسوبية\مشروع\عملي بيانيات\الوظايف\spaceships\project1\project1\source.cpp(164): warning C4244: 'argument' : conversion from 'double' to 'GLfloat', possible loss of data
     1>c:\users\khaled morad\desktop\third year\الفصل الاول\بيانيات حاسوبية\مشروع\عملي بيانيات\الوظايف\spaceships\project1\project1\source.cpp(168): warning C4244: 'argument' : conversion from 'double' to 'GLfloat', possible loss of data
     1>c:\users\khaled morad\desktop\third year\الفصل الاول\بيانيات حاسوبية\مشروع\عملي بيانيات\الوظايف\spaceships\project1\project1\source.cpp(169): warning C4244: 'argument' : conversion from 'double' to 'GLfloat', possible loss of data
     1>c:\users\khaled morad\desktop\third year\الفصل الاول\بيانيات حاسوبية\مشروع\عملي بيانيات\الوظايف\spaceships\project1\project1\source.cpp(170): warning C4244: 'argument' : conversion from 'double' to 'GLfloat', possible loss of data
     1>c:\users\khaled morad\desktop\third year\الفصل الاول\بيانيات حاسوبية\مشروع\عملي بيانيات\الوظايف\spaceships\project1\project1\source.cpp(171): warning C4244: 'argument' : conversion from 'double' to 'GLfloat', possible loss of data
     1>c:\users\khaled morad\desktop\third year\الفصل الاول\بيانيات حاسوبية\مشروع\عملي بيانيات\الوظايف\spaceships\project1\project1\source.cpp(177): warning C4244: 'argument' : conversion from 'double' to 'GLfloat', possible loss of data
     1>c:\users\khaled morad\desktop\third year\الفصل الاول\بيانيات حاسوبية\مشروع\عملي بيانيات\الوظايف\spaceships\project1\project1\source.cpp(178): warning C4244: 'argument' : conversion from 'double' to 'GLfloat', possible loss of data
     1>c:\users\khaled morad\desktop\third year\الفصل الاول\بيانيات حاسوبية\مشروع\عملي بيانيات\الوظايف\spaceships\project1\project1\source.cpp(188): warning C4244: 'argument' : conversion from 'double' to 'GLfloat', possible loss of data
     1>c:\users\khaled morad\desktop\third year\الفصل الاول\بيانيات حاسوبية\مشروع\عملي بيانيات\الوظايف\spaceships\project1\project1\source.cpp(189): warning C4244: 'argument' : conversion from 'double' to 'GLfloat', possible loss of data
     1>c:\users\khaled morad\desktop\third year\الفصل الاول\بيانيات حاسوبية\مشروع\عملي بيانيات\الوظايف\spaceships\project1\project1\source.cpp(193): warning C4244: 'argument' : conversion from 'double' to 'GLfloat', possible loss of data
     1>c:\users\khaled morad\desktop\third year\الفصل الاول\بيانيات حاسوبية\مشروع\عملي بيانيات\الوظايف\spaceships\project1\project1\source.cpp(194): warning C4244: 'argument' : conversion from 'double' to 'GLfloat', possible loss of data
     1>c:\users\khaled morad\desktop\third year\الفصل الاول\بيانيات حاسوبية\مشروع\عملي بيانيات\الوظايف\spaceships\project1\project1\source.cpp(195): warning C4244: 'argument' : conversion from 'double' to 'GLfloat', possible loss of data
     1>c:\users\khaled morad\desktop\third year\الفصل الاول\بيانيات حاسوبية\مشروع\عملي بيانيات\الوظايف\spaceships\project1\project1\source.cpp(196): warning C4244: 'argument' : conversion from 'double' to 'GLfloat', possible loss of data
     1>c:\users\khaled morad\desktop\third year\الفصل الاول\بيانيات حاسوبية\مشروع\عملي بيانيات\الوظايف\spaceships\project1\project1\source.cpp(202): warning C4244: 'argument' : conversion from 'double' to 'GLfloat', possible loss of data
     1>c:\users\khaled morad\desktop\third year\الفصل الاول\بيانيات حاسوبية\مشروع\عملي بيانيات\الوظايف\spaceships\project1\project1\source.cpp(203): warning C4244: 'argument' : conversion from 'double' to 'GLfloat', possible loss of data
     1>c:\users\khaled morad\desktop\third year\الفصل الاول\بيانيات حاسوبية\مشروع\عملي بيانيات\الوظايف\spaceships\project1\project1\source.cpp(213): warning C4244: 'argument' : conversion from 'double' to 'GLfloat', possible loss of data
     1>c:\users\khaled morad\desktop\third year\الفصل الاول\بيانيات حاسوبية\مشروع\عملي بيانيات\الوظايف\spaceships\project1\project1\source.cpp(214): warning C4244: 'argument' : conversion from 'double' to 'GLfloat', possible loss of data
     1>c:\users\khaled morad\desktop\third year\الفصل الاول\بيانيات حاسوبية\مشروع\عملي بيانيات\الوظايف\spaceships\project1\project1\source.cpp(218): warning C4244: 'argument' : conversion from 'double' to 'GLfloat', possible loss of data
     1>c:\users\khaled morad\desktop\third year\الفصل الاول\بيانيات حاسوبية\مشروع\عملي بيانيات\الوظايف\spaceships\project1\project1\source.cpp(219): warning C4244: 'argument' : conversion from 'double' to 'GLfloat', possible loss of data
     1>c:\users\khaled morad\desktop\third year\الفصل الاول\بيانيات حاسوبية\مشروع\عملي بيانيات\الوظايف\spaceships\project1\project1\source.cpp(220): warning C4244: 'argument' : conversion from 'double' to 'GLfloat', possible loss of data
     1>c:\users\khaled morad\desktop\third year\الفصل الاول\بيانيات حاسوبية\مشروع\عملي بيانيات\الوظايف\spaceships\project1\project1\source.cpp(221): warning C4244: 'argument' : conversion from 'double' to 'GLfloat', possible loss of data
     1>c:\users\khaled morad\desktop\third year\الفصل الاول\بيانيات حاسوبية\مشروع\عملي بيانيات\الوظايف\spaceships\project1\project1\source.cpp(230): warning C4244: 'argument' : conversion from 'double' to 'GLfloat', possible loss of data
     1>c:\users\khaled morad\desktop\third year\الفصل الاول\بيانيات حاسوبية\مشروع\عملي بيانيات\الوظايف\spaceships\project1\project1\source.cpp(231): warning C4244: 'argument' : conversion from 'double' to 'GLfloat', possible loss of data
     1>c:\users\khaled morad\desktop\third year\الفصل الاول\بيانيات حاسوبية\مشروع\عملي بيانيات\الوظايف\spaceships\project1\project1\source.cpp(235): warning C4244: 'argument' : conversion from 'double' to 'GLfloat', possible loss of data
     1>c:\users\khaled morad\desktop\third year\الفصل الاول\بيانيات حاسوبية\مشروع\عملي بيانيات\الوظايف\spaceships\project1\project1\source.cpp(236): warning C4244: 'argument' : conversion from 'double' to 'GLfloat', possible loss of data
     1>c:\users\khaled morad\desktop\third year\الفصل الاول\بيانيات حاسوبية\مشروع\عملي بيانيات\الوظايف\spaceships\project1\project1\source.cpp(237): warning C4244: 'argument' : conversion from 'double' to 'GLfloat', possible loss of data
     1>c:\users\khaled morad\desktop\third year\الفصل الاول\بيانيات حاسوبية\مشروع\عملي بيانيات\الوظايف\spaceships\project1\project1\source.cpp(238): warning C4244: 'argument' : conversion from 'double' to 'GLfloat', possible loss of data
     1>c:\users\khaled morad\desktop\third year\الفصل الاول\بيانيات حاسوبية\مشروع\عملي بيانيات\الوظايف\spaceships\project1\project1\source.cpp(242): warning C4244: 'argument' : conversion from 'double' to 'GLfloat', possible loss of data
     1>c:\users\khaled morad\desktop\third year\الفصل الاول\بيانيات حاسوبية\مشروع\عملي بيانيات\الوظايف\spaceships\project1\project1\source.cpp(243): warning C4244: 'argument' : conversion from 'double' to 'GLfloat', possible loss of data
     1>c:\users\khaled morad\desktop\third year\الفصل الاول\بيانيات حاسوبية\مشروع\عملي بيانيات\الوظايف\spaceships\project1\project1\source.cpp(244): warning C4244: 'argument' : conversion from 'double' to 'GLfloat', possible loss of data
     1>c:\users\khaled morad\desktop\third year\الفصل الاول\بيانيات حاسوبية\مشروع\عملي بيانيات\الوظايف\spaceships\project1\project1\source.cpp(245): warning C4244: 'argument' : conversion from 'double' to 'GLfloat', possible loss of data
     1>c:\users\khaled morad\desktop\third year\الفصل الاول\بيانيات حاسوبية\مشروع\عملي بيانيات\الوظايف\spaceships\project1\project1\source.cpp(255): warning C4244: 'argument' : conversion from 'double' to 'GLfloat', possible loss of data
     1>c:\users\khaled morad\desktop\third year\الفصل الاول\بيانيات حاسوبية\مشروع\عملي بيانيات\الوظايف\spaceships\project1\project1\source.cpp(256): warning C4244: 'argument' : conversion from 'double' to 'GLfloat', possible loss of data
     1>c:\users\khaled morad\desktop\third year\الفصل الاول\بيانيات حاسوبية\مشروع\عملي بيانيات\الوظايف\spaceships\project1\project1\source.cpp(265): warning C4244: 'argument' : conversion from 'double' to 'GLfloat', possible loss of data
     1>c:\users\khaled morad\desktop\third year\الفصل الاول\بيانيات حاسوبية\مشروع\عملي بيانيات\الوظايف\spaceships\project1\project1\source.cpp(266): warning C4244: 'argument' : conversion from 'double' to 'GLfloat', possible loss of data
     1>c:\users\khaled morad\desktop\third year\الفصل الاول\بيانيات حاسوبية\مشروع\عملي بيانيات\الوظايف\spaceships\project1\project1\source.cpp(270): warning C4244: 'argument' : conversion from 'double' to 'GLfloat', possible loss of data
     1>c:\users\khaled morad\desktop\third year\الفصل الاول\بيانيات حاسوبية\مشروع\عملي بيانيات\الوظايف\spaceships\project1\project1\source.cpp(271): warning C4244: 'argument' : conversion from 'double' to 'GLfloat', possible loss of data
     1>c:\users\khaled morad\desktop\third year\الفصل الاول\بيانيات حاسوبية\مشروع\عملي بيانيات\الوظايف\spaceships\project1\project1\source.cpp(272): warning C4244: 'argument' : conversion from 'double' to 'GLfloat', possible loss of data
     1>c:\users\khaled morad\desktop\third year\الفصل الاول\بيانيات حاسوبية\مشروع\عملي بيانيات\الوظايف\spaceships\project1\project1\source.cpp(273): warning C4244: 'argument' : conversion from 'double' to 'GLfloat', possible loss of data
     1>c:\users\khaled morad\desktop\third year\الفصل الاول\بيانيات حاسوبية\مشروع\عملي بيانيات\الوظايف\spaceships\project1\project1\source.cpp(286): warning C4018: '<' : signed/unsigned mismatch
     1>c:\users\khaled morad\desktop\third year\الفصل الاول\بيانيات حاسوبية\مشروع\عملي بيانيات\الوظايف\spaceships\project1\project1\source.cpp(299): warning C4244: 'initializing' : conversion from 'int' to 'float', possible loss of data
     1>c:\users\khaled morad\desktop\third year\الفصل الاول\بيانيات حاسوبية\مشروع\عملي بيانيات\الوظايف\spaceships\project1\project1\source.cpp(307): warning C4244: 'initializing' : conversion from 'int' to 'float', possible loss of data
     1>c:\users\khaled morad\desktop\third year\الفصل الاول\بيانيات حاسوبية\مشروع\عملي بيانيات\الوظايف\spaceships\project1\project1\source.cpp(313): warning C4244: 'initializing' : conversion from 'int' to 'float', possible loss of data
     1>c:\users\khaled morad\desktop\third year\الفصل الاول\بيانيات حاسوبية\مشروع\عملي بيانيات\الوظايف\spaceships\project1\project1\source.cpp(340): warning C4305: 'initializing' : truncation from 'double' to 'float'
     1>c:\users\khaled morad\desktop\third year\الفصل الاول\بيانيات حاسوبية\مشروع\عملي بيانيات\الوظايف\spaceships\project1\project1\source.cpp(369): warning C4305: '-=' : truncation from 'double' to 'float'
     1>c:\users\khaled morad\desktop\third year\الفصل الاول\بيانيات حاسوبية\مشروع\عملي بيانيات\الوظايف\spaceships\project1\project1\source.cpp(377): warning C4018: '<' : signed/unsigned mismatch
     1>c:\users\khaled morad\desktop\third year\الفصل الاول\بيانيات حاسوبية\مشروع\عملي بيانيات\الوظايف\spaceships\project1\project1\source.cpp(383): warning C4018: '<' : signed/unsigned mismatch
     1>c:\users\khaled morad\desktop\third year\الفصل الاول\بيانيات حاسوبية\مشروع\عملي بيانيات\الوظايف\spaceships\project1\project1\source.cpp(389): warning C4018: '<' : signed/unsigned mismatch
     1>c:\users\khaled morad\desktop\third year\الفصل الاول\بيانيات حاسوبية\مشروع\عملي بيانيات\الوظايف\spaceships\project1\project1\source.cpp(395): warning C4018: '<' : signed/unsigned mismatch
     1>c:\users\khaled morad\desktop\third year\الفصل الاول\بيانيات حاسوبية\مشروع\عملي بيانيات\الوظايف\spaceships\project1\project1\source.cpp(398): warning C4305: '+=' : truncation from 'double' to 'float'
     1>c:\users\khaled morad\desktop\third year\الفصل الاول\بيانيات حاسوبية\مشروع\عملي بيانيات\الوظايف\spaceships\project1\project1\source.cpp(407): warning C4305: '=' : truncation from 'double' to 'float'
     1>c:\users\khaled morad\desktop\third year\الفصل الاول\بيانيات حاسوبية\مشروع\عملي بيانيات\الوظايف\spaceships\project1\project1\source.cpp(408): warning C4305: '=' : truncation from 'double' to 'float'
     1>c:\users\khaled morad\desktop\third year\الفصل الاول\بيانيات حاسوبية\مشروع\عملي بيانيات\الوظايف\spaceships\project1\project1\source.cpp(409): warning C4305: '=' : truncation from 'double' to 'float'
         Generating Code...
       Link:
         C:\Program Files (x86)\Microsoft Visual Studio 11.0\VC\bin\link.exe /ERRORREPORT:PROMPT /OUT:"C:\Users\Khaled Morad\Desktop\Third Year\الفصل الاول\بيانيات حاسوبية\مشروع\عملي بيانيات\الوظايف\SpaceShips\Project1\Debug\Project1.exe" /INCREMENTAL /NOLOGO GLAUX.lib GLU32.lib OPENGL32.lib glut32.lib opengl32.lib kernel32.lib user32.lib gdi32.lib winspool.lib comdlg32.lib advapi32.lib shell32.lib ole32.lib oleaut32.lib uuid.lib odbc32.lib odbccp32.lib /MANIFEST /MANIFESTUAC:"level='asInvoker' uiAccess='false'" /manifest:embed /DEBUG /PDB:"C:\Users\Khaled Morad\Desktop\Third Year\الفصل الاول\بيانيات حاسوبية\مشروع\عملي بيانيات\الوظايف\SpaceShips\Project1\Debug\Project1.pdb" /TLBID:1 /DYNAMICBASE /NXCOMPAT /IMPLIB:"C:\Users\Khaled Morad\Desktop\Third Year\الفصل الاول\بيانيات حاسوبية\مشروع\عملي بيانيات\الوظايف\SpaceShips\Project1\Debug\Project1.lib" /MACHINE:X86 Debug\Source.obj
         Debug\texture.obj
         Project1.vcxproj -> C:\Users\Khaled Morad\Desktop\Third Year\الفصل الاول\بيانيات حاسوبية\مشروع\عملي بيانيات\الوظايف\SpaceShips\Project1\Debug\Project1.exe
     1>Done Building Project "C:\Users\Khaled Morad\Desktop\Third Year\الفصل الاول\بيانيات حاسوبية\مشروع\عملي بيانيات\الوظايف\SpaceShips\Project1\Project1\Project1.vcxproj" (Build target(s)).

Build succeeded.

Time Elapsed 00:00:03.05
